Resolving esp_controller dependencies...
Already up-to-date.
Resolving b_g431b_esc1_foc_1 dependencies...
Already up-to-date.
Resolving xdrive_foc_0 dependencies...
Already up-to-date.

Environment: esp_controller
===========================
build_type      =  "debug"
env_name        =  "esp_controller"
libsource_dirs  =  [
                     "/home/mosthated/_dev/languages/esp32/xdrive_mini/foc/lib",
                     "/home/mosthated/_dev/languages/esp32/xdrive_mini/foc/.pio/libdeps/esp_controller",
                     "/home/mosthated/.platformio/lib",
                     "/home/mosthated/.platformio/packages/framework-arduinoespressif32/libraries"
                   ]
defines         =  [
                     "PLATFORMIO=60115",
                     "ARDUINO_ESP32S3_DEV",
                     "ARDUINO_USB_MODE=1",
                     "ARDUINO_RUNNING_CORE=1",
                     "ARDUINO_EVENT_RUNNING_CORE=1",
                     "VOLTAGE_LIMIT=6",
                     "ESP_CONTROLLER=1",
                     "USE_MOTOR=1",
                     "BAUDRATE=115200",
                     "MONITOR_SPEED=230400",
                     "POWER_SUPPLY=24",
                     "RUN_MAIN=1",
                     "RUN_SENSOR=0",
                     "RUN_OPEN_LOOP=0",
                     "RUN_POLE_PAIRS=0",
                     "RUN_SERIAL_TEST=0",
                     "RUN_CURRENT_SENSE=0",
                     "RUN_XDRIVE_TEST=0",
                     "RUN_DC_TEST=0",
                     "USE_CAN=0",
                     "CAN_VERSION=2",
                     "PRINT_CAN_INFO=1",
                     "PRINT_CAN_WARNINGS=0",
                     "PRINT_MOTOR_VALUES=0",
                     "BOARD_HAS_PSRAM",
                     "BAUDRATE=115200",
                     "ARDUINO_USB_CDC_ON_BOOT=1",
                     "PIO_FRAMEWORK_ARDUINO_ENABLE_CDC",
                     "CORE_DEBUG_LEVEL=1",
                     "HSE_VALUE=8000000",
                     "DISABLE_ALL_LIBRARY_WARNINGS",
                     "CORE_DEBUG_LEVEL=1",
                     "ENABLE_CAN=1",
                     "CAN_HOWMANY=1",
                     "CAN_DEBUG",
                     "PIN_CAN0_RX=GPIO_NUM_44",
                     "PIN_CAN0_TX=GPIO_NUM_43",
                     "CAN_PRINT_DEBUG=1",
                     "MOTOR_COUNT=1",
                     "ESP_PLATFORM",
                     "IDF_VER=\"5.1.4.240625\"",
                     "LFS_MULTIVERSION",
                     "MBEDTLS_CONFIG_FILE=\"mbedtls/esp_config.h\"",
                     "NDEBUG",
                     "SOC_MMU_PAGE_SIZE=CONFIG_MMU_PAGE_SIZE",
                     "UNITY_INCLUDE_CONFIG_H",
                     "_GNU_SOURCE",
                     "_POSIX_READER_WRITER_LOCKS",
                     "configENABLE_FREERTOS_DEBUG_OCDAWARE=1",
                     "ARDUINO_ARCH_ESP32",
                     "ESP32",
                     "F_CPU=240000000L",
                     "ARDUINO=10812",
                     "ARDUINO_VARIANT=\"esp32s3\"",
                     "ARDUINO_BOARD=\"Espressif ESP32-S3-DevKitC-1-N8 (8 MB QD, No PSRAM)\"",
                     "ARDUINO_PARTITION_default",
                     "__PLATFORMIO_BUILD_DEBUG__"
                   ]
includes        =  {
                     "build": [
                       "/home/mosthated/_dev/languages/esp32/xdrive_mini/foc/include",
                       "/home/mosthated/_dev/languages/esp32/xdrive_mini/foc/src",
                       "/home/mosthated/_dev/languages/esp32/xdrive_mini/foc/.pio/libdeps/esp_controller/SimpleFOCDrivers/src",
                       "/home/mosthated/_dev/languages/esp32/canbus_lib/CANProfile/V1",
                       "/home/mosthated/_dev/languages/esp32/xdrive_mini/foc/.pio/libdeps/esp_controller/SimpleCAN/src",
                       "/home/mosthated/_dev/languages/esp32/xdrive_mini/foc/.pio/libdeps/esp_controller/SimpleDCMotor/src",
                       "/home/mosthated/_dev/languages/esp32/xdrive_mini/foc/.pio/libdeps/esp_controller/Simple FOC/src",
                       "/home/mosthated/.platformio/packages/framework-arduinoespressif32/libraries/SPI/src",
                       "/home/mosthated/.platformio/packages/framework-arduinoespressif32/libraries/Wire/src",
                       "/home/mosthated/.platformio/packages/framework-arduinoespressif32/tools/esp32-arduino-libs/esp32s3/include/newlib/platform_include",
                       "/home/mosthated/.platformio/packages/framework-arduinoespressif32/tools/esp32-arduino-libs/esp32s3/include/freertos/FreeRTOS-Kernel/include",
                       "/home/mosthated/.platformio/packages/framework-arduinoespressif32/tools/esp32-arduino-libs/esp32s3/include/freertos/FreeRTOS-Kernel/portable/xtensa/include",
                       "/home/mosthated/.platformio/packages/framework-arduinoespressif32/tools/esp32-arduino-libs/esp32s3/include/freertos/esp_additions/include/freertos",
                       "/home/mosthated/.platformio/packages/framework-arduinoespressif32/tools/esp32-arduino-libs/esp32s3/include/freertos/esp_additions/include",
                       "/home/mosthated/.platformio/packages/framework-arduinoespressif32/tools/esp32-arduino-libs/esp32s3/include/freertos/esp_additions/arch/xtensa/include",
                       "/home/mosthated/.platformio/packages/framework-arduinoespressif32/tools/esp32-arduino-libs/esp32s3/include/esp_hw_support/include",
                       "/home/mosthated/.platformio/packages/framework-arduinoespressif32/tools/esp32-arduino-libs/esp32s3/include/esp_hw_support/include/soc",
                       "/home/mosthated/.platformio/packages/framework-arduinoespressif32/tools/esp32-arduino-libs/esp32s3/include/esp_hw_support/include/soc/esp32s3",
                       "/home/mosthated/.platformio/packages/framework-arduinoespressif32/tools/esp32-arduino-libs/esp32s3/include/esp_hw_support/port/esp32s3",
                       "/home/mosthated/.platformio/packages/framework-arduinoespressif32/tools/esp32-arduino-libs/esp32s3/include/heap/include",
                       "/home/mosthated/.platformio/packages/framework-arduinoespressif32/tools/esp32-arduino-libs/esp32s3/include/log/include",
                       "/home/mosthated/.platformio/packages/framework-arduinoespressif32/tools/esp32-arduino-libs/esp32s3/include/soc/include",
                       "/home/mosthated/.platformio/packages/framework-arduinoespressif32/tools/esp32-arduino-libs/esp32s3/include/soc/esp32s3",
                       "/home/mosthated/.platformio/packages/framework-arduinoespressif32/tools/esp32-arduino-libs/esp32s3/include/soc/esp32s3/include",
                       "/home/mosthated/.platformio/packages/framework-arduinoespressif32/tools/esp32-arduino-libs/esp32s3/include/hal/esp32s3/include",
                       "/home/mosthated/.platformio/packages/framework-arduinoespressif32/tools/esp32-arduino-libs/esp32s3/include/hal/include",
                       "/home/mosthated/.platformio/packages/framework-arduinoespressif32/tools/esp32-arduino-libs/esp32s3/include/hal/platform_port/include",
                       "/home/mosthated/.platformio/packages/framework-arduinoespressif32/tools/esp32-arduino-libs/esp32s3/include/esp_rom/include",
                       "/home/mosthated/.platformio/packages/framework-arduinoespressif32/tools/esp32-arduino-libs/esp32s3/include/esp_rom/include/esp32s3",
                       "/home/mosthated/.platformio/packages/framework-arduinoespressif32/tools/esp32-arduino-libs/esp32s3/include/esp_rom/esp32s3",
                       "/home/mosthated/.platformio/packages/framework-arduinoespressif32/tools/esp32-arduino-libs/esp32s3/include/esp_common/include",
                       "/home/mosthated/.platformio/packages/framework-arduinoespressif32/tools/esp32-arduino-libs/esp32s3/include/esp_system/include",
                       "/home/mosthated/.platformio/packages/framework-arduinoespressif32/tools/esp32-arduino-libs/esp32s3/include/esp_system/port/soc",
                       "/home/mosthated/.platformio/packages/framework-arduinoespressif32/tools/esp32-arduino-libs/esp32s3/include/esp_system/port/include/private",
                       "/home/mosthated/.platformio/packages/framework-arduinoespressif32/tools/esp32-arduino-libs/esp32s3/include/xtensa/include",
                       "/home/mosthated/.platformio/packages/framework-arduinoespressif32/tools/esp32-arduino-libs/esp32s3/include/xtensa/esp32s3/include",
                       "/home/mosthated/.platformio/packages/framework-arduinoespressif32/tools/esp32-arduino-libs/esp32s3/include/lwip/include",
                       "/home/mosthated/.platformio/packages/framework-arduinoespressif32/tools/esp32-arduino-libs/esp32s3/include/lwip/include/apps",
                       "/home/mosthated/.platformio/packages/framework-arduinoespressif32/tools/esp32-arduino-libs/esp32s3/include/lwip/include/apps/sntp",
                       "/home/mosthated/.platformio/packages/framework-arduinoespressif32/tools/esp32-arduino-libs/esp32s3/include/lwip/lwip/src/include",
                       "/home/mosthated/.platformio/packages/framework-arduinoespressif32/tools/esp32-arduino-libs/esp32s3/include/lwip/port/include",
                       "/home/mosthated/.platformio/packages/framework-arduinoespressif32/tools/esp32-arduino-libs/esp32s3/include/lwip/port/freertos/include",
                       "/home/mosthated/.platformio/packages/framework-arduinoespressif32/tools/esp32-arduino-libs/esp32s3/include/lwip/port/esp32xx/include",
                       "/home/mosthated/.platformio/packages/framework-arduinoespressif32/tools/esp32-arduino-libs/esp32s3/include/lwip/port/esp32xx/include/arch",
                       "/home/mosthated/.platformio/packages/framework-arduinoespressif32/tools/esp32-arduino-libs/esp32s3/include/espressif__esp32-camera/driver/include",
                       "/home/mosthated/.platformio/packages/framework-arduinoespressif32/tools/esp32-arduino-libs/esp32s3/include/espressif__esp32-camera/conversions/include",
                       "/home/mosthated/.platformio/packages/framework-arduinoespressif32/tools/esp32-arduino-libs/esp32s3/include/driver/include",
                       "/home/mosthated/.platformio/packages/framework-arduinoespressif32/tools/esp32-arduino-libs/esp32s3/include/driver/deprecated",
                       "/home/mosthated/.platformio/packages/framework-arduinoespressif32/tools/esp32-arduino-libs/esp32s3/include/driver/analog_comparator/include",
                       "/home/mosthated/.platformio/packages/framework-arduinoespressif32/tools/esp32-arduino-libs/esp32s3/include/driver/dac/include",
                       "/home/mosthated/.platformio/packages/framework-arduinoespressif32/tools/esp32-arduino-libs/esp32s3/include/driver/gpio/include",
                       "/home/mosthated/.platformio/packages/framework-arduinoespressif32/tools/esp32-arduino-libs/esp32s3/include/driver/gptimer/include",
                       "/home/mosthated/.platformio/packages/framework-arduinoespressif32/tools/esp32-arduino-libs/esp32s3/include/driver/i2c/include",
                       "/home/mosthated/.platformio/packages/framework-arduinoespressif32/tools/esp32-arduino-libs/esp32s3/include/driver/i2s/include",
                       "/home/mosthated/.platformio/packages/framework-arduinoespressif32/tools/esp32-arduino-libs/esp32s3/include/driver/ledc/include",
                       "/home/mosthated/.platformio/packages/framework-arduinoespressif32/tools/esp32-arduino-libs/esp32s3/include/driver/mcpwm/include",
                       "/home/mosthated/.platformio/packages/framework-arduinoespressif32/tools/esp32-arduino-libs/esp32s3/include/driver/parlio/include",
                       "/home/mosthated/.platformio/packages/framework-arduinoespressif32/tools/esp32-arduino-libs/esp32s3/include/driver/pcnt/include",
                       "/home/mosthated/.platformio/packages/framework-arduinoespressif32/tools/esp32-arduino-libs/esp32s3/include/driver/rmt/include",
                       "/home/mosthated/.platformio/packages/framework-arduinoespressif32/tools/esp32-arduino-libs/esp32s3/include/driver/sdio_slave/include",
                       "/home/mosthated/.platformio/packages/framework-arduinoespressif32/tools/esp32-arduino-libs/esp32s3/include/driver/sdmmc/include",
                       "/home/mosthated/.platformio/packages/framework-arduinoespressif32/tools/esp32-arduino-libs/esp32s3/include/driver/sigma_delta/include",
                       "/home/mosthated/.platformio/packages/framework-arduinoespressif32/tools/esp32-arduino-libs/esp32s3/include/driver/spi/include",
                       "/home/mosthated/.platformio/packages/framework-arduinoespressif32/tools/esp32-arduino-libs/esp32s3/include/driver/temperature_sensor/include",
                       "/home/mosthated/.platformio/packages/framework-arduinoespressif32/tools/esp32-arduino-libs/esp32s3/include/driver/touch_sensor/include",
                       "/home/mosthated/.platformio/packages/framework-arduinoespressif32/tools/esp32-arduino-libs/esp32s3/include/driver/twai/include",
                       "/home/mosthated/.platformio/packages/framework-arduinoespressif32/tools/esp32-arduino-libs/esp32s3/include/driver/uart/include",
                       "/home/mosthated/.platformio/packages/framework-arduinoespressif32/tools/esp32-arduino-libs/esp32s3/include/driver/usb_serial_jtag/include",
                       "/home/mosthated/.platformio/packages/framework-arduinoespressif32/tools/esp32-arduino-libs/esp32s3/include/driver/touch_sensor/esp32s3/include",
                       "/home/mosthated/.platformio/packages/framework-arduinoespressif32/tools/esp32-arduino-libs/esp32s3/include/esp_pm/include",
                       "/home/mosthated/.platformio/packages/framework-arduinoespressif32/tools/esp32-arduino-libs/esp32s3/include/esp_ringbuf/include",
                       "/home/mosthated/.platformio/packages/framework-arduinoespressif32/tools/esp32-arduino-libs/esp32s3/include/efuse/include",
                       "/home/mosthated/.platformio/packages/framework-arduinoespressif32/tools/esp32-arduino-libs/esp32s3/include/efuse/esp32s3/include",
                       "/home/mosthated/.platformio/packages/framework-arduinoespressif32/tools/esp32-arduino-libs/esp32s3/include/mbedtls/port/include",
                       "/home/mosthated/.platformio/packages/framework-arduinoespressif32/tools/esp32-arduino-libs/esp32s3/include/mbedtls/mbedtls/include",
                       "/home/mosthated/.platformio/packages/framework-arduinoespressif32/tools/esp32-arduino-libs/esp32s3/include/mbedtls/mbedtls/library",
                       "/home/mosthated/.platformio/packages/framework-arduinoespressif32/tools/esp32-arduino-libs/esp32s3/include/mbedtls/esp_crt_bundle/include",
                       "/home/mosthated/.platformio/packages/framework-arduinoespressif32/tools/esp32-arduino-libs/esp32s3/include/mbedtls/mbedtls/3rdparty/everest/include",
                       "/home/mosthated/.platformio/packages/framework-arduinoespressif32/tools/esp32-arduino-libs/esp32s3/include/mbedtls/mbedtls/3rdparty/p256-m",
                       "/home/mosthated/.platformio/packages/framework-arduinoespressif32/tools/esp32-arduino-libs/esp32s3/include/mbedtls/mbedtls/3rdparty/p256-m/p256-m",
                       "/home/mosthated/.platformio/packages/framework-arduinoespressif32/tools/esp32-arduino-libs/esp32s3/include/esp_app_format/include",
                       "/home/mosthated/.platformio/packages/framework-arduinoespressif32/tools/esp32-arduino-libs/esp32s3/include/bootloader_support/include",
                       "/home/mosthated/.platformio/packages/framework-arduinoespressif32/tools/esp32-arduino-libs/esp32s3/include/bootloader_support/bootloader_flash/include",
                       "/home/mosthated/.platformio/packages/framework-arduinoespressif32/tools/esp32-arduino-libs/esp32s3/include/esp_partition/include",
                       "/home/mosthated/.platformio/packages/framework-arduinoespressif32/tools/esp32-arduino-libs/esp32s3/include/app_update/include",
                       "/home/mosthated/.platformio/packages/framework-arduinoespressif32/tools/esp32-arduino-libs/esp32s3/include/esp_mm/include",
                       "/home/mosthated/.platformio/packages/framework-arduinoespressif32/tools/esp32-arduino-libs/esp32s3/include/spi_flash/include",
                       "/home/mosthated/.platformio/packages/framework-arduinoespressif32/tools/esp32-arduino-libs/esp32s3/include/pthread/include",
                       "/home/mosthated/.platformio/packages/framework-arduinoespressif32/tools/esp32-arduino-libs/esp32s3/include/esp_timer/include",
                       "/home/mosthated/.platformio/packages/framework-arduinoespressif32/tools/esp32-arduino-libs/esp32s3/include/app_trace/include",
                       "/home/mosthated/.platformio/packages/framework-arduinoespressif32/tools/esp32-arduino-libs/esp32s3/include/esp_event/include",
                       "/home/mosthated/.platformio/packages/framework-arduinoespressif32/tools/esp32-arduino-libs/esp32s3/include/nvs_flash/include",
                       "/home/mosthated/.platformio/packages/framework-arduinoespressif32/tools/esp32-arduino-libs/esp32s3/include/esp_phy/include",
                       "/home/mosthated/.platformio/packages/framework-arduinoespressif32/tools/esp32-arduino-libs/esp32s3/include/esp_phy/esp32s3/include",
                       "/home/mosthated/.platformio/packages/framework-arduinoespressif32/tools/esp32-arduino-libs/esp32s3/include/vfs/include",
                       "/home/mosthated/.platformio/packages/framework-arduinoespressif32/tools/esp32-arduino-libs/esp32s3/include/esp_netif/include",
                       "/home/mosthated/.platformio/packages/framework-arduinoespressif32/tools/esp32-arduino-libs/esp32s3/include/wpa_supplicant/include",
                       "/home/mosthated/.platformio/packages/framework-arduinoespressif32/tools/esp32-arduino-libs/esp32s3/include/wpa_supplicant/port/include",
                       "/home/mosthated/.platformio/packages/framework-arduinoespressif32/tools/esp32-arduino-libs/esp32s3/include/wpa_supplicant/esp_supplicant/include",
                       "/home/mosthated/.platformio/packages/framework-arduinoespressif32/tools/esp32-arduino-libs/esp32s3/include/esp_coex/include",
                       "/home/mosthated/.platformio/packages/framework-arduinoespressif32/tools/esp32-arduino-libs/esp32s3/include/esp_wifi/include",
                       "/home/mosthated/.platformio/packages/framework-arduinoespressif32/tools/esp32-arduino-libs/esp32s3/include/esp_wifi/wifi_apps/include",
                       "/home/mosthated/.platformio/packages/framework-arduinoespressif32/tools/esp32-arduino-libs/esp32s3/include/bt/include/esp32c3/include",
                       "/home/mosthated/.platformio/packages/framework-arduinoespressif32/tools/esp32-arduino-libs/esp32s3/include/bt/common/osi/include",
                       "/home/mosthated/.platformio/packages/framework-arduinoespressif32/tools/esp32-arduino-libs/esp32s3/include/bt/common/api/include/api",
                       "/home/mosthated/.platformio/packages/framework-arduinoespressif32/tools/esp32-arduino-libs/esp32s3/include/bt/common/btc/profile/esp/blufi/include",
                       "/home/mosthated/.platformio/packages/framework-arduinoespressif32/tools/esp32-arduino-libs/esp32s3/include/bt/common/btc/profile/esp/include",
                       "/home/mosthated/.platformio/packages/framework-arduinoespressif32/tools/esp32-arduino-libs/esp32s3/include/bt/common/hci_log/include",
                       "/home/mosthated/.platformio/packages/framework-arduinoespressif32/tools/esp32-arduino-libs/esp32s3/include/bt/porting/ext/tinycrypt/include",
                       "/home/mosthated/.platformio/packages/framework-arduinoespressif32/tools/esp32-arduino-libs/esp32s3/include/bt/host/nimble/nimble/nimble/host/include",
                       "/home/mosthated/.platformio/packages/framework-arduinoespressif32/tools/esp32-arduino-libs/esp32s3/include/bt/host/nimble/nimble/nimble/include",
                       "/home/mosthated/.platformio/packages/framework-arduinoespressif32/tools/esp32-arduino-libs/esp32s3/include/bt/host/nimble/nimble/nimble/host/services/ans/include",
                       "/home/mosthated/.platformio/packages/framework-arduinoespressif32/tools/esp32-arduino-libs/esp32s3/include/bt/host/nimble/nimble/nimble/host/services/bas/include",
                       "/home/mosthated/.platformio/packages/framework-arduinoespressif32/tools/esp32-arduino-libs/esp32s3/include/bt/host/nimble/nimble/nimble/host/services/dis/include",
                       "/home/mosthated/.platformio/packages/framework-arduinoespressif32/tools/esp32-arduino-libs/esp32s3/include/bt/host/nimble/nimble/nimble/host/services/gap/include",
                       "/home/mosthated/.platformio/packages/framework-arduinoespressif32/tools/esp32-arduino-libs/esp32s3/include/bt/host/nimble/nimble/nimble/host/services/gatt/include",
                       "/home/mosthated/.platformio/packages/framework-arduinoespressif32/tools/esp32-arduino-libs/esp32s3/include/bt/host/nimble/nimble/nimble/host/services/hr/include",
                       "/home/mosthated/.platformio/packages/framework-arduinoespressif32/tools/esp32-arduino-libs/esp32s3/include/bt/host/nimble/nimble/nimble/host/services/htp/include",
                       "/home/mosthated/.platformio/packages/framework-arduinoespressif32/tools/esp32-arduino-libs/esp32s3/include/bt/host/nimble/nimble/nimble/host/services/ias/include",
                       "/home/mosthated/.platformio/packages/framework-arduinoespressif32/tools/esp32-arduino-libs/esp32s3/include/bt/host/nimble/nimble/nimble/host/services/ipss/include",
                       "/home/mosthated/.platformio/packages/framework-arduinoespressif32/tools/esp32-arduino-libs/esp32s3/include/bt/host/nimble/nimble/nimble/host/services/lls/include",
                       "/home/mosthated/.platformio/packages/framework-arduinoespressif32/tools/esp32-arduino-libs/esp32s3/include/bt/host/nimble/nimble/nimble/host/services/prox/include",
                       "/home/mosthated/.platformio/packages/framework-arduinoespressif32/tools/esp32-arduino-libs/esp32s3/include/bt/host/nimble/nimble/nimble/host/services/cts/include",
                       "/home/mosthated/.platformio/packages/framework-arduinoespressif32/tools/esp32-arduino-libs/esp32s3/include/bt/host/nimble/nimble/nimble/host/services/tps/include",
                       "/home/mosthated/.platformio/packages/framework-arduinoespressif32/tools/esp32-arduino-libs/esp32s3/include/bt/host/nimble/nimble/nimble/host/services/hid/include",
                       "/home/mosthated/.platformio/packages/framework-arduinoespressif32/tools/esp32-arduino-libs/esp32s3/include/bt/host/nimble/nimble/nimble/host/services/sps/include",
                       "/home/mosthated/.platformio/packages/framework-arduinoespressif32/tools/esp32-arduino-libs/esp32s3/include/bt/host/nimble/nimble/nimble/host/util/include",
                       "/home/mosthated/.platformio/packages/framework-arduinoespressif32/tools/esp32-arduino-libs/esp32s3/include/bt/host/nimble/nimble/nimble/host/store/ram/include",
                       "/home/mosthated/.platformio/packages/framework-arduinoespressif32/tools/esp32-arduino-libs/esp32s3/include/bt/host/nimble/nimble/nimble/host/store/config/include",
                       "/home/mosthated/.platformio/packages/framework-arduinoespressif32/tools/esp32-arduino-libs/esp32s3/include/bt/porting/include",
                       "/home/mosthated/.platformio/packages/framework-arduinoespressif32/tools/esp32-arduino-libs/esp32s3/include/bt/host/nimble/nimble/porting/nimble/include",
                       "/home/mosthated/.platformio/packages/framework-arduinoespressif32/tools/esp32-arduino-libs/esp32s3/include/bt/host/nimble/port/include",
                       "/home/mosthated/.platformio/packages/framework-arduinoespressif32/tools/esp32-arduino-libs/esp32s3/include/bt/host/nimble/nimble/nimble/transport/include",
                       "/home/mosthated/.platformio/packages/framework-arduinoespressif32/tools/esp32-arduino-libs/esp32s3/include/bt/host/nimble/nimble/porting/npl/freertos/include",
                       "/home/mosthated/.platformio/packages/framework-arduinoespressif32/tools/esp32-arduino-libs/esp32s3/include/bt/host/nimble/esp-hci/include",
                       "/home/mosthated/.platformio/packages/framework-arduinoespressif32/tools/esp32-arduino-libs/esp32s3/include/unity/include",
                       "/home/mosthated/.platformio/packages/framework-arduinoespressif32/tools/esp32-arduino-libs/esp32s3/include/unity/unity/src",
                       "/home/mosthated/.platformio/packages/framework-arduinoespressif32/tools/esp32-arduino-libs/esp32s3/include/cmock/CMock/src",
                       "/home/mosthated/.platformio/packages/framework-arduinoespressif32/tools/esp32-arduino-libs/esp32s3/include/console",
                       "/home/mosthated/.platformio/packages/framework-arduinoespressif32/tools/esp32-arduino-libs/esp32s3/include/http_parser",
                       "/home/mosthated/.platformio/packages/framework-arduinoespressif32/tools/esp32-arduino-libs/esp32s3/include/esp-tls",
                       "/home/mosthated/.platformio/packages/framework-arduinoespressif32/tools/esp32-arduino-libs/esp32s3/include/esp-tls/esp-tls-crypto",
                       "/home/mosthated/.platformio/packages/framework-arduinoespressif32/tools/esp32-arduino-libs/esp32s3/include/esp_adc/include",
                       "/home/mosthated/.platformio/packages/framework-arduinoespressif32/tools/esp32-arduino-libs/esp32s3/include/esp_adc/interface",
                       "/home/mosthated/.platformio/packages/framework-arduinoespressif32/tools/esp32-arduino-libs/esp32s3/include/esp_adc/esp32s3/include",
                       "/home/mosthated/.platformio/packages/framework-arduinoespressif32/tools/esp32-arduino-libs/esp32s3/include/esp_adc/deprecated/include",
                       "/home/mosthated/.platformio/packages/framework-arduinoespressif32/tools/esp32-arduino-libs/esp32s3/include/esp_eth/include",
                       "/home/mosthated/.platformio/packages/framework-arduinoespressif32/tools/esp32-arduino-libs/esp32s3/include/esp_gdbstub/include",
                       "/home/mosthated/.platformio/packages/framework-arduinoespressif32/tools/esp32-arduino-libs/esp32s3/include/esp_hid/include",
                       "/home/mosthated/.platformio/packages/framework-arduinoespressif32/tools/esp32-arduino-libs/esp32s3/include/tcp_transport/include",
                       "/home/mosthated/.platformio/packages/framework-arduinoespressif32/tools/esp32-arduino-libs/esp32s3/include/esp_http_client/include",
                       "/home/mosthated/.platformio/packages/framework-arduinoespressif32/tools/esp32-arduino-libs/esp32s3/include/esp_http_server/include",
                       "/home/mosthated/.platformio/packages/framework-arduinoespressif32/tools/esp32-arduino-libs/esp32s3/include/esp_https_ota/include",
                       "/home/mosthated/.platformio/packages/framework-arduinoespressif32/tools/esp32-arduino-libs/esp32s3/include/esp_psram/include",
                       "/home/mosthated/.platformio/packages/framework-arduinoespressif32/tools/esp32-arduino-libs/esp32s3/include/esp_lcd/include",
                       "/home/mosthated/.platformio/packages/framework-arduinoespressif32/tools/esp32-arduino-libs/esp32s3/include/esp_lcd/interface",
                       "/home/mosthated/.platformio/packages/framework-arduinoespressif32/tools/esp32-arduino-libs/esp32s3/include/protobuf-c/protobuf-c",
                       "/home/mosthated/.platformio/packages/framework-arduinoespressif32/tools/esp32-arduino-libs/esp32s3/include/protocomm/include/common",
                       "/home/mosthated/.platformio/packages/framework-arduinoespressif32/tools/esp32-arduino-libs/esp32s3/include/protocomm/include/security",
                       "/home/mosthated/.platformio/packages/framework-arduinoespressif32/tools/esp32-arduino-libs/esp32s3/include/protocomm/include/transports",
                       "/home/mosthated/.platformio/packages/framework-arduinoespressif32/tools/esp32-arduino-libs/esp32s3/include/protocomm/include/crypto/srp6a",
                       "/home/mosthated/.platformio/packages/framework-arduinoespressif32/tools/esp32-arduino-libs/esp32s3/include/protocomm/proto-c",
                       "/home/mosthated/.platformio/packages/framework-arduinoespressif32/tools/esp32-arduino-libs/esp32s3/include/esp_local_ctrl/include",
                       "/home/mosthated/.platformio/packages/framework-arduinoespressif32/tools/esp32-arduino-libs/esp32s3/include/espcoredump/include",
                       "/home/mosthated/.platformio/packages/framework-arduinoespressif32/tools/esp32-arduino-libs/esp32s3/include/espcoredump/include/port/xtensa",
                       "/home/mosthated/.platformio/packages/framework-arduinoespressif32/tools/esp32-arduino-libs/esp32s3/include/wear_levelling/include",
                       "/home/mosthated/.platformio/packages/framework-arduinoespressif32/tools/esp32-arduino-libs/esp32s3/include/sdmmc/include",
                       "/home/mosthated/.platformio/packages/framework-arduinoespressif32/tools/esp32-arduino-libs/esp32s3/include/fatfs/diskio",
                       "/home/mosthated/.platformio/packages/framework-arduinoespressif32/tools/esp32-arduino-libs/esp32s3/include/fatfs/vfs",
                       "/home/mosthated/.platformio/packages/framework-arduinoespressif32/tools/esp32-arduino-libs/esp32s3/include/fatfs/src",
                       "/home/mosthated/.platformio/packages/framework-arduinoespressif32/tools/esp32-arduino-libs/esp32s3/include/idf_test/include",
                       "/home/mosthated/.platformio/packages/framework-arduinoespressif32/tools/esp32-arduino-libs/esp32s3/include/idf_test/include/esp32s3",
                       "/home/mosthated/.platformio/packages/framework-arduinoespressif32/tools/esp32-arduino-libs/esp32s3/include/ieee802154/include",
                       "/home/mosthated/.platformio/packages/framework-arduinoespressif32/tools/esp32-arduino-libs/esp32s3/include/json/cJSON",
                       "/home/mosthated/.platformio/packages/framework-arduinoespressif32/tools/esp32-arduino-libs/esp32s3/include/perfmon/include",
                       "/home/mosthated/.platformio/packages/framework-arduinoespressif32/tools/esp32-arduino-libs/esp32s3/include/touch_element/include",
                       "/home/mosthated/.platformio/packages/framework-arduinoespressif32/tools/esp32-arduino-libs/esp32s3/include/ulp/ulp_common/include",
                       "/home/mosthated/.platformio/packages/framework-arduinoespressif32/tools/esp32-arduino-libs/esp32s3/include/ulp/ulp_common/include/esp32s3",
                       "/home/mosthated/.platformio/packages/framework-arduinoespressif32/tools/esp32-arduino-libs/esp32s3/include/ulp/ulp_riscv/include",
                       "/home/mosthated/.platformio/packages/framework-arduinoespressif32/tools/esp32-arduino-libs/esp32s3/include/ulp/ulp_riscv/shared/include",
                       "/home/mosthated/.platformio/packages/framework-arduinoespressif32/tools/esp32-arduino-libs/esp32s3/include/usb/include",
                       "/home/mosthated/.platformio/packages/framework-arduinoespressif32/tools/esp32-arduino-libs/esp32s3/include/espressif__mdns/include",
                       "/home/mosthated/.platformio/packages/framework-arduinoespressif32/tools/esp32-arduino-libs/esp32s3/include/espressif__esp-dsp/modules/dotprod/include",
                       "/home/mosthated/.platformio/packages/framework-arduinoespressif32/tools/esp32-arduino-libs/esp32s3/include/espressif__esp-dsp/modules/support/include",
                       "/home/mosthated/.platformio/packages/framework-arduinoespressif32/tools/esp32-arduino-libs/esp32s3/include/espressif__esp-dsp/modules/support/mem/include",
                       "/home/mosthated/.platformio/packages/framework-arduinoespressif32/tools/esp32-arduino-libs/esp32s3/include/espressif__esp-dsp/modules/windows/include",
                       "/home/mosthated/.platformio/packages/framework-arduinoespressif32/tools/esp32-arduino-libs/esp32s3/include/espressif__esp-dsp/modules/windows/hann/include",
                       "/home/mosthated/.platformio/packages/framework-arduinoespressif32/tools/esp32-arduino-libs/esp32s3/include/espressif__esp-dsp/modules/windows/blackman/include",
                       "/home/mosthated/.platformio/packages/framework-arduinoespressif32/tools/esp32-arduino-libs/esp32s3/include/espressif__esp-dsp/modules/windows/blackman_harris/include",
                       "/home/mosthated/.platformio/packages/framework-arduinoespressif32/tools/esp32-arduino-libs/esp32s3/include/espressif__esp-dsp/modules/windows/blackman_nuttall/include",
                       "/home/mosthated/.platformio/packages/framework-arduinoespressif32/tools/esp32-arduino-libs/esp32s3/include/espressif__esp-dsp/modules/windows/nuttall/include",
                       "/home/mosthated/.platformio/packages/framework-arduinoespressif32/tools/esp32-arduino-libs/esp32s3/include/espressif__esp-dsp/modules/windows/flat_top/include",
                       "/home/mosthated/.platformio/packages/framework-arduinoespressif32/tools/esp32-arduino-libs/esp32s3/include/espressif__esp-dsp/modules/iir/include",
                       "/home/mosthated/.platformio/packages/framework-arduinoespressif32/tools/esp32-arduino-libs/esp32s3/include/espressif__esp-dsp/modules/fir/include",
                       "/home/mosthated/.platformio/packages/framework-arduinoespressif32/tools/esp32-arduino-libs/esp32s3/include/espressif__esp-dsp/modules/math/include",
                       "/home/mosthated/.platformio/packages/framework-arduinoespressif32/tools/esp32-arduino-libs/esp32s3/include/espressif__esp-dsp/modules/math/add/include",
                       "/home/mosthated/.platformio/packages/framework-arduinoespressif32/tools/esp32-arduino-libs/esp32s3/include/espressif__esp-dsp/modules/math/sub/include",
                       "/home/mosthated/.platformio/packages/framework-arduinoespressif32/tools/esp32-arduino-libs/esp32s3/include/espressif__esp-dsp/modules/math/mul/include",
                       "/home/mosthated/.platformio/packages/framework-arduinoespressif32/tools/esp32-arduino-libs/esp32s3/include/espressif__esp-dsp/modules/math/addc/include",
                       "/home/mosthated/.platformio/packages/framework-arduinoespressif32/tools/esp32-arduino-libs/esp32s3/include/espressif__esp-dsp/modules/math/mulc/include",
                       "/home/mosthated/.platformio/packages/framework-arduinoespressif32/tools/esp32-arduino-libs/esp32s3/include/espressif__esp-dsp/modules/math/sqrt/include",
                       "/home/mosthated/.platformio/packages/framework-arduinoespressif32/tools/esp32-arduino-libs/esp32s3/include/espressif__esp-dsp/modules/matrix/mul/include",
                       "/home/mosthated/.platformio/packages/framework-arduinoespressif32/tools/esp32-arduino-libs/esp32s3/include/espressif__esp-dsp/modules/matrix/add/include",
                       "/home/mosthated/.platformio/packages/framework-arduinoespressif32/tools/esp32-arduino-libs/esp32s3/include/espressif__esp-dsp/modules/matrix/addc/include",
                       "/home/mosthated/.platformio/packages/framework-arduinoespressif32/tools/esp32-arduino-libs/esp32s3/include/espressif__esp-dsp/modules/matrix/mulc/include",
                       "/home/mosthated/.platformio/packages/framework-arduinoespressif32/tools/esp32-arduino-libs/esp32s3/include/espressif__esp-dsp/modules/matrix/sub/include",
                       "/home/mosthated/.platformio/packages/framework-arduinoespressif32/tools/esp32-arduino-libs/esp32s3/include/espressif__esp-dsp/modules/matrix/include",
                       "/home/mosthated/.platformio/packages/framework-arduinoespressif32/tools/esp32-arduino-libs/esp32s3/include/espressif__esp-dsp/modules/fft/include",
                       "/home/mosthated/.platformio/packages/framework-arduinoespressif32/tools/esp32-arduino-libs/esp32s3/include/espressif__esp-dsp/modules/dct/include",
                       "/home/mosthated/.platformio/packages/framework-arduinoespressif32/tools/esp32-arduino-libs/esp32s3/include/espressif__esp-dsp/modules/conv/include",
                       "/home/mosthated/.platformio/packages/framework-arduinoespressif32/tools/esp32-arduino-libs/esp32s3/include/espressif__esp-dsp/modules/common/include",
                       "/home/mosthated/.platformio/packages/framework-arduinoespressif32/tools/esp32-arduino-libs/esp32s3/include/espressif__esp-dsp/modules/matrix/mul/test/include",
                       "/home/mosthated/.platformio/packages/framework-arduinoespressif32/tools/esp32-arduino-libs/esp32s3/include/espressif__esp-dsp/modules/kalman/ekf/include",
                       "/home/mosthated/.platformio/packages/framework-arduinoespressif32/tools/esp32-arduino-libs/esp32s3/include/espressif__esp-dsp/modules/kalman/ekf_imu13states/include",
                       "/home/mosthated/.platformio/packages/framework-arduinoespressif32/tools/esp32-arduino-libs/esp32s3/include/espressif__esp_modem/include",
                       "/home/mosthated/.platformio/packages/framework-arduinoespressif32/tools/esp32-arduino-libs/esp32s3/include/joltwallet__littlefs/include",
                       "/home/mosthated/.platformio/packages/framework-arduinoespressif32/tools/esp32-arduino-libs/esp32s3/include/freertos/FreeRTOS-Kernel/include/freertos",
                       "/home/mosthated/.platformio/packages/framework-arduinoespressif32/tools/esp32-arduino-libs/esp32s3/include/arduino_tinyusb/tinyusb/src",
                       "/home/mosthated/.platformio/packages/framework-arduinoespressif32/tools/esp32-arduino-libs/esp32s3/include/arduino_tinyusb/include",
                       "/home/mosthated/.platformio/packages/framework-arduinoespressif32/tools/esp32-arduino-libs/esp32s3/include/fb_gfx/include",
                       "/home/mosthated/.platformio/packages/framework-arduinoespressif32/tools/esp32-arduino-libs/esp32s3/qio_qspi/include",
                       "/home/mosthated/.platformio/packages/framework-arduinoespressif32/cores/esp32",
                       "/home/mosthated/.platformio/packages/framework-arduinoespressif32/variants/esp32s3"
                     ],
                     "compatlib": [
                       "/home/mosthated/_dev/languages/esp32/xdrive_mini/foc/.pio/libdeps/esp_controller/Simple FOC/src",
                       "/home/mosthated/_dev/languages/esp32/xdrive_mini/foc/.pio/libdeps/esp_controller/SimpleCAN/src",
                       "/home/mosthated/_dev/languages/esp32/xdrive_mini/foc/.pio/libdeps/esp_controller/SimpleDCMotor/src",
                       "/home/mosthated/_dev/languages/esp32/xdrive_mini/foc/.pio/libdeps/esp_controller/SimpleFOCDrivers/src",
                       "/home/mosthated/_dev/languages/esp32/canbus_lib/CANProfile/V1",
                       "/home/mosthated/_dev/languages/esp32/xdrive_mini/foc/.pio/libdeps/esp_controller/SimpleCAN/src",
                       "/home/mosthated/.platformio/packages/framework-arduinoespressif32/libraries/SPI/src",
                       "/home/mosthated/.platformio/packages/framework-arduinoespressif32/libraries/Wire/src",
                       "/home/mosthated/.platformio/packages/framework-arduinoespressif32/libraries/ArduinoOTA/src",
                       "/home/mosthated/.platformio/packages/framework-arduinoespressif32/libraries/AsyncUDP/src",
                       "/home/mosthated/.platformio/packages/framework-arduinoespressif32/libraries/DNSServer/src",
                       "/home/mosthated/.platformio/packages/framework-arduinoespressif32/libraries/EEPROM/src",
                       "/home/mosthated/.platformio/packages/framework-arduinoespressif32/libraries/ESPmDNS/src",
                       "/home/mosthated/.platformio/packages/framework-arduinoespressif32/libraries/Ethernet/src",
                       "/home/mosthated/.platformio/packages/framework-arduinoespressif32/libraries/FFat/src",
                       "/home/mosthated/.platformio/packages/framework-arduinoespressif32/libraries/FS/src",
                       "/home/mosthated/.platformio/packages/framework-arduinoespressif32/libraries/HTTPClient/src",
                       "/home/mosthated/.platformio/packages/framework-arduinoespressif32/libraries/HTTPUpdate/src",
                       "/home/mosthated/.platformio/packages/framework-arduinoespressif32/libraries/HTTPUpdateServer/src",
                       "/home/mosthated/.platformio/packages/framework-arduinoespressif32/libraries/LittleFS/src",
                       "/home/mosthated/.platformio/packages/framework-arduinoespressif32/libraries/NetBIOS/src",
                       "/home/mosthated/.platformio/packages/framework-arduinoespressif32/libraries/Network/src",
                       "/home/mosthated/.platformio/packages/framework-arduinoespressif32/libraries/PPP/src",
                       "/home/mosthated/.platformio/packages/framework-arduinoespressif32/libraries/Preferences/src",
                       "/home/mosthated/.platformio/packages/framework-arduinoespressif32/libraries/SD/src",
                       "/home/mosthated/.platformio/packages/framework-arduinoespressif32/libraries/SD_MMC/src",
                       "/home/mosthated/.platformio/packages/framework-arduinoespressif32/libraries/Ticker/src",
                       "/home/mosthated/.platformio/packages/framework-arduinoespressif32/libraries/USB/src",
                       "/home/mosthated/.platformio/packages/framework-arduinoespressif32/libraries/Update/src",
                       "/home/mosthated/.platformio/packages/framework-arduinoespressif32/libraries/WebServer/src",
                       "/home/mosthated/.platformio/packages/framework-arduinoespressif32/libraries/WiFi/src"
                     ],
                     "toolchain": [
                       "/home/mosthated/.platformio/packages/toolchain-riscv32-esp/riscv32-esp-elf/include/c++/12.2.0",
                       "/home/mosthated/.platformio/packages/toolchain-riscv32-esp/riscv32-esp-elf/include/c++/12.2.0/riscv32-esp-elf",
                       "/home/mosthated/.platformio/packages/toolchain-riscv32-esp/lib/gcc/riscv32-esp-elf/12.2.0/include-fixed",
                       "/home/mosthated/.platformio/packages/toolchain-riscv32-esp/lib/gcc/riscv32-esp-elf/12.2.0/include",
                       "/home/mosthated/.platformio/packages/toolchain-riscv32-esp/riscv32-esp-elf/include",
                       "/home/mosthated/.platformio/packages/toolchain-xtensa-esp32s3/xtensa-esp32s3-elf/include/c++/12.2.0",
                       "/home/mosthated/.platformio/packages/toolchain-xtensa-esp32s3/xtensa-esp32s3-elf/include/c++/12.2.0/xtensa-esp32s3-elf",
                       "/home/mosthated/.platformio/packages/toolchain-xtensa-esp32s3/lib/gcc/xtensa-esp32s3-elf/12.2.0/include-fixed",
                       "/home/mosthated/.platformio/packages/toolchain-xtensa-esp32s3/lib/gcc/xtensa-esp32s3-elf/12.2.0/include",
                       "/home/mosthated/.platformio/packages/toolchain-xtensa-esp32s3/xtensa-esp32s3-elf/include"
                     ]
                   }
cc_flags        =  [
                     "-std=gnu17",
                     "-Wno-old-style-declaration",
                     "-mlongcalls",
                     "-ffunction-sections",
                     "-fdata-sections",
                     "-Wno-error=unused-function",
                     "-Wno-error=unused-variable",
                     "-Wno-error=unused-but-set-variable",
                     "-Wno-error=deprecated-declarations",
                     "-Wno-unused-parameter",
                     "-Wno-sign-compare",
                     "-Wno-enum-conversion",
                     "-gdwarf-4",
                     "-ggdb",
                     "-freorder-blocks",
                     "-fstrict-volatile-bitfields",
                     "-fno-jump-tables",
                     "-fno-tree-switch-conversion",
                     "-MMD",
                     "-Og",
                     "-g2",
                     "-ggdb2"
                   ]
cxx_flags       =  [
                     "-std=c++17",
                     "-std=gnu++17",
                     "-std=gnu++2b",
                     "-fno-exceptions",
                     "-fno-rtti",
                     "-mlongcalls",
                     "-ffunction-sections",
                     "-fdata-sections",
                     "-Wno-error=unused-function",
                     "-Wno-error=unused-variable",
                     "-Wno-error=unused-but-set-variable",
                     "-Wno-error=deprecated-declarations",
                     "-Wno-unused-parameter",
                     "-Wno-sign-compare",
                     "-Wno-enum-conversion",
                     "-gdwarf-4",
                     "-ggdb",
                     "-freorder-blocks",
                     "-fstrict-volatile-bitfields",
                     "-fno-jump-tables",
                     "-fno-tree-switch-conversion",
                     "-MMD",
                     "-Og",
                     "-g2",
                     "-ggdb2"
                   ]
cc_path         =  "/home/mosthated/.platformio/packages/toolchain-xtensa-esp32s3/bin/xtensa-esp32s3-elf-gcc"
cxx_path        =  "/home/mosthated/.platformio/packages/toolchain-xtensa-esp32s3/bin/xtensa-esp32s3-elf-g++"
gdb_path        =  "/home/mosthated/.platformio/packages/tool-xtensa-esp-elf-gdb/bin/xtensa-esp32s3-elf-gdb"
prog_path       =  "/home/mosthated/_dev/languages/esp32/xdrive_mini/foc/.pio/build/esp_controller/firmware.elf"
svd_path        =  null
compiler_type   =  "gcc"
targets         =  [
                     {
                       "name": "buildfs",
                       "title": "Build Filesystem Image",
                       "description": null,
                       "group": "Platform"
                     },
                     {
                       "name": "size",
                       "title": "Program Size",
                       "description": "Calculate program size",
                       "group": "Platform"
                     },
                     {
                       "name": "upload",
                       "title": "Upload",
                       "description": null,
                       "group": "Platform"
                     },
                     {
                       "name": "uploadfs",
                       "title": "Upload Filesystem Image",
                       "description": null,
                       "group": "Platform"
                     },
                     {
                       "name": "uploadfsota",
                       "title": "Upload Filesystem Image OTA",
                       "description": null,
                       "group": "Platform"
                     },
                     {
                       "name": "erase_upload",
                       "title": "Erase Flash and Upload",
                       "description": null,
                       "group": "Platform"
                     },
                     {
                       "name": "erase",
                       "title": "Erase Flash",
                       "description": null,
                       "group": "Platform"
                     }
                   ]
extra           =  {
                     "flash_images": [
                       {
                         "offset": "0x0000",
                         "path": "/home/mosthated/_dev/languages/esp32/xdrive_mini/foc/.pio/build/esp_controller/bootloader.bin"
                       },
                       {
                         "offset": "0x8000",
                         "path": "/home/mosthated/_dev/languages/esp32/xdrive_mini/foc/.pio/build/esp_controller/partitions.bin"
                       },
                       {
                         "offset": "0xe000",
                         "path": "/home/mosthated/.platformio/packages/framework-arduinoespressif32/tools/partitions/boot_app0.bin"
                       }
                     ]
                   }

Environment: xdrive_foc_0
=========================
build_type      =  "debug"
env_name        =  "xdrive_foc_0"
libsource_dirs  =  [
                     "/home/mosthated/_dev/languages/esp32/xdrive_mini/foc/lib",
                     "/home/mosthated/_dev/languages/esp32/xdrive_mini/foc/.pio/libdeps/xdrive_foc_0",
                     "/home/mosthated/.platformio/lib",
                     "/home/mosthated/.platformio/packages/framework-arduinoststm32/libraries/__cores__/arduino",
                     "/home/mosthated/.platformio/packages/framework-arduinoststm32/libraries"
                   ]
defines         =  [
                     "PLATFORMIO=60115",
                     "STM32F4",
                     "STM32F405xx",
                     "STM32F4xx",
                     "BAUDRATE=115200",
                     "MONITOR_SPEED=230400",
                     "POWER_SUPPLY=24",
                     "RUN_MAIN=1",
                     "RUN_SENSOR=0",
                     "RUN_OPEN_LOOP=0",
                     "RUN_POLE_PAIRS=0",
                     "RUN_SERIAL_TEST=0",
                     "RUN_CURRENT_SENSE=0",
                     "RUN_XDRIVE_TEST=0",
                     "RUN_DC_TEST=0",
                     "USE_CAN=0",
                     "CAN_VERSION=2",
                     "PRINT_CAN_INFO=1",
                     "PRINT_CAN_WARNINGS=0",
                     "PRINT_MOTOR_VALUES=0",
                     "RUN_PLANNER=0",
                     "FOC_CONTROLLER=21",
                     "GBM520875T",
                     "MOTOR=GBM520875T",
                     "POLE_PAIRS=11",
                     "VOLTAGE_LIMIT=20",
                     "PIO_FRAMEWORK_ARDUINO_NANOLIB_FLOAT_PRINTF",
                     "HSE_VALUE=8000000",
                     "USBCON",
                     "PIO_FRAMEWORK_ARDUINO_ENABLE_CDC",
                     "USBD_USE_CDC",
                     "HAL_CAN_MODULE_ENABLED",
                     "CAN_DEBUG",
                     "PIN_CAN0_RX=PB_8",
                     "PIN_CAN0_TX=PB_9",
                     "CAN_HOWMANY=1",
                     "CAN_PRINT_DEBUG=0",
                     "STM32F4xx",
                     "ARDUINO=10808",
                     "ARDUINO_ARCH_STM32",
                     "NDEBUG",
                     "ARDUINO_GENERIC_F405RGTX",
                     "BOARD_NAME=\"GENERIC_F405RGTX\"",
                     "HAL_UART_MODULE_ENABLED",
                     "USE_HAL_DRIVER",
                     "USE_FULL_LL_DRIVER",
                     "VARIANT_H=\"variant_generic.h\"",
                     "VECT_TAB_OFFSET=0x0",
                     "USBD_USE_CDC",
                     "USBCON",
                     "USB_VID=0",
                     "USB_PID=0",
                     "HAL_PCD_MODULE_ENABLED",
                     "__PLATFORMIO_BUILD_DEBUG__"
                   ]
includes        =  {
                     "build": [
                       "/home/mosthated/_dev/languages/esp32/xdrive_mini/foc/include",
                       "/home/mosthated/_dev/languages/esp32/xdrive_mini/foc/src",
                       "/home/mosthated/_dev/languages/esp32/xdrive_mini/foc/.pio/libdeps/xdrive_foc_0/AS5047P/src",
                       "/home/mosthated/_dev/languages/esp32/canbus_lib/CANProfile/V1",
                       "/home/mosthated/_dev/languages/esp32/xdrive_mini/foc/.pio/libdeps/xdrive_foc_0/SimpleCAN/src",
                       "/home/mosthated/_dev/languages/esp32/xdrive_mini/foc/.pio/libdeps/xdrive_foc_0/Simple FOC/src",
                       "/home/mosthated/.platformio/packages/framework-arduinoststm32/libraries/SPI/src",
                       "/home/mosthated/.platformio/packages/framework-arduinoststm32/libraries/Wire/src",
                       "/home/mosthated/.platformio/packages/framework-arduinoststm32/cores/arduino/avr",
                       "/home/mosthated/.platformio/packages/framework-arduinoststm32/cores/arduino/stm32",
                       "/home/mosthated/.platformio/packages/framework-arduinoststm32/libraries/SrcWrapper/inc",
                       "/home/mosthated/.platformio/packages/framework-arduinoststm32/libraries/SrcWrapper/inc/LL",
                       "/home/mosthated/.platformio/packages/framework-arduinoststm32/libraries/USBDevice/inc",
                       "/home/mosthated/.platformio/packages/framework-arduinoststm32/libraries/VirtIO/inc",
                       "/home/mosthated/.platformio/packages/framework-arduinoststm32/system/Drivers/STM32F4xx_HAL_Driver/Inc",
                       "/home/mosthated/.platformio/packages/framework-arduinoststm32/system/Drivers/STM32F4xx_HAL_Driver/Src",
                       "/home/mosthated/.platformio/packages/framework-arduinoststm32/system/STM32F4xx",
                       "/home/mosthated/.platformio/packages/framework-arduinoststm32/system/Middlewares/ST/STM32_USB_Device_Library/Core/Inc",
                       "/home/mosthated/.platformio/packages/framework-arduinoststm32/system/Middlewares/ST/STM32_USB_Device_Library/Core/Src",
                       "/home/mosthated/.platformio/packages/framework-arduinoststm32/system/Middlewares/OpenAMP",
                       "/home/mosthated/.platformio/packages/framework-arduinoststm32/system/Middlewares/OpenAMP/open-amp/lib/include",
                       "/home/mosthated/.platformio/packages/framework-arduinoststm32/system/Middlewares/OpenAMP/libmetal/lib/include",
                       "/home/mosthated/.platformio/packages/framework-arduinoststm32/system/Middlewares/OpenAMP/virtual_driver",
                       "/home/mosthated/.platformio/packages/framework-cmsis/CMSIS/Core/Include",
                       "/home/mosthated/.platformio/packages/framework-arduinoststm32/system/Drivers/CMSIS/Device/ST/STM32F4xx/Include",
                       "/home/mosthated/.platformio/packages/framework-arduinoststm32/system/Drivers/CMSIS/Device/ST/STM32F4xx/Source/Templates/gcc",
                       "/home/mosthated/.platformio/packages/framework-cmsis/CMSIS/DSP/Include",
                       "/home/mosthated/.platformio/packages/framework-cmsis/CMSIS/DSP/PrivateInclude",
                       "/home/mosthated/.platformio/packages/framework-arduinoststm32/cores/arduino",
                       "/home/mosthated/.platformio/packages/framework-arduinoststm32/variants/STM32F4xx/F405RGT_F415RGT"
                     ],
                     "compatlib": [
                       "/home/mosthated/_dev/languages/esp32/xdrive_mini/foc/.pio/libdeps/xdrive_foc_0/AS5047P/src",
                       "/home/mosthated/.platformio/packages/framework-arduinoststm32/libraries/SPI/src",
                       "/home/mosthated/_dev/languages/esp32/xdrive_mini/foc/.pio/libdeps/xdrive_foc_0/Simple FOC/src",
                       "/home/mosthated/_dev/languages/esp32/xdrive_mini/foc/.pio/libdeps/xdrive_foc_0/SimpleCAN/src",
                       "/home/mosthated/_dev/languages/esp32/canbus_lib/CANProfile/V1",
                       "/home/mosthated/_dev/languages/esp32/xdrive_mini/foc/.pio/libdeps/xdrive_foc_0/SimpleCAN/src",
                       "/home/mosthated/.platformio/packages/framework-arduinoststm32/libraries/SPI/src",
                       "/home/mosthated/.platformio/packages/framework-arduinoststm32/libraries/Wire/src",
                       "/home/mosthated/.platformio/packages/framework-arduinoststm32/libraries/CMSIS_DSP/src",
                       "/home/mosthated/.platformio/packages/framework-arduinoststm32/libraries/EEPROM/src",
                       "/home/mosthated/.platformio/packages/framework-arduinoststm32/libraries/IWatchdog/src",
                       "/home/mosthated/.platformio/packages/framework-arduinoststm32/libraries/Keyboard/src",
                       "/home/mosthated/.platformio/packages/framework-arduinoststm32/libraries/Mouse/src",
                       "/home/mosthated/.platformio/packages/framework-arduinoststm32/libraries/RGB_LED_TLC59731/src",
                       "/home/mosthated/.platformio/packages/framework-arduinoststm32/libraries/Servo/src",
                       "/home/mosthated/.platformio/packages/framework-arduinoststm32/libraries/SoftwareSerial/src",
                       "/home/mosthated/.platformio/packages/framework-arduinoststm32/libraries/SrcWrapper/src",
                       "/home/mosthated/.platformio/packages/framework-arduinoststm32/libraries/SubGhz/src",
                       "/home/mosthated/.platformio/packages/framework-arduinoststm32/libraries/USBDevice/src",
                       "/home/mosthated/.platformio/packages/framework-arduinoststm32/libraries/VirtIO/src"
                     ],
                     "toolchain": [
                       "/home/mosthated/.platformio/packages/toolchain-gccarmnoneeabi/arm-none-eabi/include/c++/12.3.1",
                       "/home/mosthated/.platformio/packages/toolchain-gccarmnoneeabi/arm-none-eabi/include/c++/12.3.1/arm-none-eabi",
                       "/home/mosthated/.platformio/packages/toolchain-gccarmnoneeabi/lib/gcc/arm-none-eabi/12.3.1/include-fixed",
                       "/home/mosthated/.platformio/packages/toolchain-gccarmnoneeabi/lib/gcc/arm-none-eabi/12.3.1/include",
                       "/home/mosthated/.platformio/packages/toolchain-gccarmnoneeabi/arm-none-eabi/include"
                     ]
                   }
cc_flags        =  [
                     "-std=gnu17",
                     "-ggdb",
                     "-mcpu=cortex-m4",
                     "-mthumb",
                     "-mfpu=fpv4-sp-d16",
                     "-mfloat-abi=hard",
                     "-ffunction-sections",
                     "-fdata-sections",
                     "-nostdlib",
                     "--param",
                     "max-inline-insns-single=500",
                     "-Og",
                     "-g2",
                     "-ggdb2"
                   ]
cxx_flags       =  [
                     "-std=c++17",
                     "-std=gnu++17",
                     "-std=gnu++17",
                     "-fno-threadsafe-statics",
                     "-fno-rtti",
                     "-fno-exceptions",
                     "-fno-use-cxa-atexit",
                     "-ggdb",
                     "-mcpu=cortex-m4",
                     "-mthumb",
                     "-mfpu=fpv4-sp-d16",
                     "-mfloat-abi=hard",
                     "-ffunction-sections",
                     "-fdata-sections",
                     "-nostdlib",
                     "--param",
                     "max-inline-insns-single=500",
                     "-Og",
                     "-g2",
                     "-ggdb2"
                   ]
cc_path         =  "/home/mosthated/.platformio/packages/toolchain-gccarmnoneeabi/bin/arm-none-eabi-gcc"
cxx_path        =  "/home/mosthated/.platformio/packages/toolchain-gccarmnoneeabi/bin/arm-none-eabi-g++"
gdb_path        =  "/home/mosthated/.platformio/packages/toolchain-gccarmnoneeabi/bin/arm-none-eabi-gdb"
prog_path       =  "/home/mosthated/_dev/languages/esp32/xdrive_mini/foc/.pio/build/xdrive_foc_0/firmware.elf"
svd_path        =  "/home/mosthated/.platformio/platforms/ststm32/misc/svd/STM32F40x.svd"
compiler_type   =  "gcc"
targets         =  [
                     {
                       "name": "upload",
                       "group": "Platform",
                       "title": "Upload"
                     }
                   ]
extra           =  {
                     "flash_images": []
                   }

Environment: b_g431b_esc1_foc_1
===============================
build_type      =  "release"
env_name        =  "b_g431b_esc1_foc_1"
libsource_dirs  =  [
                     "/home/mosthated/_dev/languages/esp32/xdrive_mini/foc/lib",
                     "/home/mosthated/_dev/languages/esp32/xdrive_mini/foc/.pio/libdeps/b_g431b_esc1_foc_1",
                     "/home/mosthated/.platformio/lib",
                     "/home/mosthated/.platformio/packages/framework-arduinoststm32/libraries/__cores__/arduino",
                     "/home/mosthated/.platformio/packages/framework-arduinoststm32/libraries"
                   ]
defines         =  [
                     "PLATFORMIO=60115",
                     "STM32G4",
                     "STM32G4xx",
                     "STM32G431xx",
                     "BAUDRATE=115200",
                     "MONITOR_SPEED=230400",
                     "POWER_SUPPLY=24",
                     "RUN_MAIN=1",
                     "RUN_SENSOR=0",
                     "RUN_OPEN_LOOP=0",
                     "RUN_POLE_PAIRS=0",
                     "RUN_SERIAL_TEST=0",
                     "RUN_CURRENT_SENSE=0",
                     "RUN_XDRIVE_TEST=0",
                     "RUN_DC_TEST=0",
                     "USE_CAN=0",
                     "CAN_VERSION=2",
                     "PRINT_CAN_INFO=1",
                     "PRINT_CAN_WARNINGS=0",
                     "PRINT_MOTOR_VALUES=0",
                     "FOC_CONTROLLER=22",
                     "GBM520875T",
                     "MOTOR=GBM520875T",
                     "POLE_PAIRS=11",
                     "VOLTAGE_LIMIT=12",
                     "HAL_OPAMP_MODULE_ENABLED",
                     "PIO_FRAMEWORK_ARDUINO_NANOLIB_FLOAT_PRINTF",
                     "SIMPLEFOC_STM32_DEBUG",
                     "HSE_VALUE=8000000",
                     "USBCON",
                     "PIO_FRAMEWORK_ARDUINO_ENABLE_CDC",
                     "USBD_USE_CDC",
                     "HAL_FDCAN_MODULE_ENABLED",
                     "CAN_DEBUG",
                     "PIN_CAN0_RX=PA_11",
                     "PIN_CAN0_TX=PB_9",
                     "CAN_DEBUG",
                     "CAN_HOWMANY=1",
                     "STM32G4xx",
                     "ARDUINO=10808",
                     "ARDUINO_ARCH_STM32",
                     "NDEBUG",
                     "ARDUINO_B_G431B_ESC1",
                     "BOARD_NAME=\"B_G431B_ESC1\"",
                     "HAL_UART_MODULE_ENABLED",
                     "USE_HAL_DRIVER",
                     "USE_FULL_LL_DRIVER",
                     "VARIANT_H=\"variant_B_G431B_ESC1.h\"",
                     "CUSTOM_PERIPHERAL_PINS",
                     "VECT_TAB_OFFSET=0x0",
                     "USBD_USE_CDC",
                     "USBCON",
                     "USB_VID=0",
                     "USB_PID=0",
                     "HAL_PCD_MODULE_ENABLED"
                   ]
includes        =  {
                     "build": [
                       "/home/mosthated/_dev/languages/esp32/xdrive_mini/foc/include",
                       "/home/mosthated/_dev/languages/esp32/xdrive_mini/foc/src",
                       "/home/mosthated/_dev/languages/esp32/canbus_lib/CANProfile/V1",
                       "/home/mosthated/_dev/languages/esp32/xdrive_mini/foc/.pio/libdeps/b_g431b_esc1_foc_1/SimpleCAN/src",
                       "/home/mosthated/_dev/languages/esp32/xdrive_mini/foc/.pio/libdeps/b_g431b_esc1_foc_1/Simple FOC/src",
                       "/home/mosthated/.platformio/packages/framework-arduinoststm32/libraries/SPI/src",
                       "/home/mosthated/.platformio/packages/framework-arduinoststm32/libraries/Wire/src",
                       "/home/mosthated/.platformio/packages/framework-arduinoststm32/cores/arduino/avr",
                       "/home/mosthated/.platformio/packages/framework-arduinoststm32/cores/arduino/stm32",
                       "/home/mosthated/.platformio/packages/framework-arduinoststm32/libraries/SrcWrapper/inc",
                       "/home/mosthated/.platformio/packages/framework-arduinoststm32/libraries/SrcWrapper/inc/LL",
                       "/home/mosthated/.platformio/packages/framework-arduinoststm32/libraries/USBDevice/inc",
                       "/home/mosthated/.platformio/packages/framework-arduinoststm32/libraries/VirtIO/inc",
                       "/home/mosthated/.platformio/packages/framework-arduinoststm32/system/Drivers/STM32G4xx_HAL_Driver/Inc",
                       "/home/mosthated/.platformio/packages/framework-arduinoststm32/system/Drivers/STM32G4xx_HAL_Driver/Src",
                       "/home/mosthated/.platformio/packages/framework-arduinoststm32/system/STM32G4xx",
                       "/home/mosthated/.platformio/packages/framework-arduinoststm32/system/Middlewares/ST/STM32_USB_Device_Library/Core/Inc",
                       "/home/mosthated/.platformio/packages/framework-arduinoststm32/system/Middlewares/ST/STM32_USB_Device_Library/Core/Src",
                       "/home/mosthated/.platformio/packages/framework-arduinoststm32/system/Middlewares/OpenAMP",
                       "/home/mosthated/.platformio/packages/framework-arduinoststm32/system/Middlewares/OpenAMP/open-amp/lib/include",
                       "/home/mosthated/.platformio/packages/framework-arduinoststm32/system/Middlewares/OpenAMP/libmetal/lib/include",
                       "/home/mosthated/.platformio/packages/framework-arduinoststm32/system/Middlewares/OpenAMP/virtual_driver",
                       "/home/mosthated/.platformio/packages/framework-cmsis/CMSIS/Core/Include",
                       "/home/mosthated/.platformio/packages/framework-arduinoststm32/system/Drivers/CMSIS/Device/ST/STM32G4xx/Include",
                       "/home/mosthated/.platformio/packages/framework-arduinoststm32/system/Drivers/CMSIS/Device/ST/STM32G4xx/Source/Templates/gcc",
                       "/home/mosthated/.platformio/packages/framework-cmsis/CMSIS/DSP/Include",
                       "/home/mosthated/.platformio/packages/framework-cmsis/CMSIS/DSP/PrivateInclude",
                       "/home/mosthated/.platformio/packages/framework-arduinoststm32/cores/arduino",
                       "/home/mosthated/.platformio/packages/framework-arduinoststm32/variants/STM32G4xx/G431C(6-8-B)U_G441CBU"
                     ],
                     "compatlib": [
                       "/home/mosthated/_dev/languages/esp32/xdrive_mini/foc/.pio/libdeps/b_g431b_esc1_foc_1/Simple FOC/src",
                       "/home/mosthated/_dev/languages/esp32/xdrive_mini/foc/.pio/libdeps/b_g431b_esc1_foc_1/SimpleCAN/src",
                       "/home/mosthated/_dev/languages/esp32/canbus_lib/CANProfile/V1",
                       "/home/mosthated/_dev/languages/esp32/xdrive_mini/foc/.pio/libdeps/b_g431b_esc1_foc_1/SimpleCAN/src",
                       "/home/mosthated/.platformio/packages/framework-arduinoststm32/libraries/SPI/src",
                       "/home/mosthated/.platformio/packages/framework-arduinoststm32/libraries/Wire/src",
                       "/home/mosthated/.platformio/packages/framework-arduinoststm32/libraries/CMSIS_DSP/src",
                       "/home/mosthated/.platformio/packages/framework-arduinoststm32/libraries/EEPROM/src",
                       "/home/mosthated/.platformio/packages/framework-arduinoststm32/libraries/IWatchdog/src",
                       "/home/mosthated/.platformio/packages/framework-arduinoststm32/libraries/Keyboard/src",
                       "/home/mosthated/.platformio/packages/framework-arduinoststm32/libraries/Mouse/src",
                       "/home/mosthated/.platformio/packages/framework-arduinoststm32/libraries/RGB_LED_TLC59731/src",
                       "/home/mosthated/.platformio/packages/framework-arduinoststm32/libraries/Servo/src",
                       "/home/mosthated/.platformio/packages/framework-arduinoststm32/libraries/SoftwareSerial/src",
                       "/home/mosthated/.platformio/packages/framework-arduinoststm32/libraries/SrcWrapper/src",
                       "/home/mosthated/.platformio/packages/framework-arduinoststm32/libraries/SubGhz/src",
                       "/home/mosthated/.platformio/packages/framework-arduinoststm32/libraries/USBDevice/src",
                       "/home/mosthated/.platformio/packages/framework-arduinoststm32/libraries/VirtIO/src"
                     ],
                     "toolchain": [
                       "/home/mosthated/.platformio/packages/toolchain-gccarmnoneeabi/arm-none-eabi/include/c++/12.3.1",
                       "/home/mosthated/.platformio/packages/toolchain-gccarmnoneeabi/arm-none-eabi/include/c++/12.3.1/arm-none-eabi",
                       "/home/mosthated/.platformio/packages/toolchain-gccarmnoneeabi/lib/gcc/arm-none-eabi/12.3.1/include-fixed",
                       "/home/mosthated/.platformio/packages/toolchain-gccarmnoneeabi/lib/gcc/arm-none-eabi/12.3.1/include",
                       "/home/mosthated/.platformio/packages/toolchain-gccarmnoneeabi/arm-none-eabi/include"
                     ]
                   }
cc_flags        =  [
                     "-std=gnu17",
                     "-mcpu=cortex-m4",
                     "-mthumb",
                     "-mfpu=fpv4-sp-d16",
                     "-mfloat-abi=hard",
                     "-Os",
                     "-ffunction-sections",
                     "-fdata-sections",
                     "-nostdlib",
                     "--param",
                     "max-inline-insns-single=500"
                   ]
cxx_flags       =  [
                     "-std=gnu++17",
                     "-fno-threadsafe-statics",
                     "-fno-rtti",
                     "-fno-exceptions",
                     "-fno-use-cxa-atexit",
                     "-mcpu=cortex-m4",
                     "-mthumb",
                     "-mfpu=fpv4-sp-d16",
                     "-mfloat-abi=hard",
                     "-Os",
                     "-ffunction-sections",
                     "-fdata-sections",
                     "-nostdlib",
                     "--param",
                     "max-inline-insns-single=500"
                   ]
cc_path         =  "/home/mosthated/.platformio/packages/toolchain-gccarmnoneeabi/bin/arm-none-eabi-gcc"
cxx_path        =  "/home/mosthated/.platformio/packages/toolchain-gccarmnoneeabi/bin/arm-none-eabi-g++"
gdb_path        =  "/home/mosthated/.platformio/packages/toolchain-gccarmnoneeabi/bin/arm-none-eabi-gdb"
prog_path       =  "/home/mosthated/_dev/languages/esp32/xdrive_mini/foc/.pio/build/b_g431b_esc1_foc_1/firmware.elf"
svd_path        =  "/home/mosthated/.platformio/platforms/ststm32/misc/svd/STM32G431xx.svd"
compiler_type   =  "gcc"
targets         =  [
                     {
                       "name": "upload",
                       "group": "Platform",
                       "title": "Upload"
                     }
                   ]
extra           =  {
                     "flash_images": []
                   }

